2018-08-23 15:13:28.628 [info] <0.42.0> Application lager started on node nonode@nohost
2018-08-23 15:13:28.631 [info] <0.42.0> Application xmerl started on node nonode@nohost
2018-08-23 15:13:28.633 [info] <0.42.0> Application jsx started on node nonode@nohost
2018-08-23 15:13:28.636 [info] <0.42.0> Application ranch started on node nonode@nohost
2018-08-23 15:13:28.636 [info] <0.42.0> Application ranch_proxy_protocol started on node nonode@nohost
2018-08-23 15:13:28.637 [info] <0.42.0> Application recon started on node nonode@nohost
2018-08-23 15:13:28.637 [info] <0.42.0> Application rabbit_common started on node nonode@nohost
2018-08-23 15:13:28.642 [info] <0.42.0> Application amqp_client started on node nonode@nohost
2018-08-23 15:13:28.642 [info] <0.42.0> Application amqp started on node nonode@nohost
2018-08-23 15:13:29.001 [warning] <0.524.0> lager_error_logger_h dropped 1 messages in the last second that exceeded the limit of 50 messages/sec
2018-08-23 15:13:29.025 [error] <0.553.0> gen_server 'Elixir.ConnHub' terminated with reason: die
2018-08-23 15:13:29.030 [error] <0.553.0> CRASH REPORT Process 'Elixir.ConnHub' with 0 neighbours exited with reason: die in gen_server:handle_common_reply/8 line 751
2018-08-23 15:13:29.030 [error] <0.552.0> Supervisor 'Elixir.StaticConnSup' had child 'Elixir.GenAMQP.Conn' started with 'Elixir.GenAMQP.Conn':start_link(<<"amqp://guest:guest@localhost">>, 'Elixir.ConnHub') at <0.553.0> exit with reason die in context child_terminated
2018-08-23 15:13:32.031 [info] <0.42.0> Application lager started on node nonode@nohost
2018-08-23 15:13:32.033 [info] <0.42.0> Application xmerl started on node nonode@nohost
2018-08-23 15:13:32.035 [info] <0.42.0> Application jsx started on node nonode@nohost
2018-08-23 15:13:32.038 [info] <0.42.0> Application ranch started on node nonode@nohost
2018-08-23 15:13:32.038 [info] <0.42.0> Application ranch_proxy_protocol started on node nonode@nohost
2018-08-23 15:13:32.039 [info] <0.42.0> Application recon started on node nonode@nohost
2018-08-23 15:13:32.039 [info] <0.42.0> Application rabbit_common started on node nonode@nohost
2018-08-23 15:13:32.044 [info] <0.42.0> Application amqp_client started on node nonode@nohost
2018-08-23 15:13:32.044 [info] <0.42.0> Application amqp started on node nonode@nohost
