2018-08-23 15:53:23 =SUPERVISOR REPORT====
     Supervisor: {local,'Elixir.Logger.Supervisor'}
     Context:    child_terminated
     Reason:     normal
     Offender:   [{pid,<0.955.0>},{id,'Elixir.Logger.ErrorHandler'},{mfargs,{'Elixir.Logger.Watcher',start_link,[{error_logger,'Elixir.Logger.ErrorHandler',{true,false,500}}]}},{restart_type,permanent},{shutdown,5000},{child_type,worker}]

2018-08-23 15:53:23 =CRASH REPORT====
  crasher:
    initial call: Elixir.GenAMQP.Conn:init/1
    pid: <0.1007.0>
    registered_name: []
    exception error: {{badmatch,{error,econnrefused}},[{'Elixir.GenAMQP.Conn',init,1,[{file,"lib/gen_amqp/conn.ex"},{line,78}]},{gen_server,init_it,2,[{file,"gen_server.erl"},{line,365}]},{gen_server,init_it,6,[{file,"gen_server.erl"},{line,333}]},{proc_lib,init_p_do_apply,3,[{file,"proc_lib.erl"},{line,247}]}]}
    ancestors: ['Elixir.StaticConnSup','Elixir.GenAMQP.AppSupervisor',<0.1004.0>]
    message_queue_len: 0
    messages: []
    links: [<0.1006.0>]
    dictionary: [{gen_server_call_timeout,60000}]
    trap_exit: true
    status: running
    heap_size: 610
    stack_size: 27
    reductions: 1365
  neighbours:
2018-08-23 15:53:23 =SUPERVISOR REPORT====
     Supervisor: {local,'Elixir.StaticConnSup'}
     Context:    start_error
     Reason:     {{badmatch,{error,econnrefused}},[{'Elixir.GenAMQP.Conn',init,1,[{file,"lib/gen_amqp/conn.ex"},{line,78}]},{gen_server,init_it,2,[{file,"gen_server.erl"},{line,365}]},{gen_server,init_it,6,[{file,"gen_server.erl"},{line,333}]},{proc_lib,init_p_do_apply,3,[{file,"proc_lib.erl"},{line,247}]}]}
     Offender:   [{pid,undefined},{id,'Elixir.GenAMQP.Conn'},{mfargs,{'Elixir.GenAMQP.Conn',start_link,[<<"amqp://guest:guest@localhost">>,'Elixir.ConnHub']}},{restart_type,transient},{shutdown,5000},{child_type,worker}]

2018-08-23 15:53:23 =SUPERVISOR REPORT====
     Supervisor: {local,'Elixir.GenAMQP.AppSupervisor'}
     Context:    start_error
     Reason:     {shutdown,{failed_to_start_child,'Elixir.GenAMQP.Conn',{{badmatch,{error,econnrefused}},[{'Elixir.GenAMQP.Conn',init,1,[{file,"lib/gen_amqp/conn.ex"},{line,78}]},{gen_server,init_it,2,[{file,"gen_server.erl"},{line,365}]},{gen_server,init_it,6,[{file,"gen_server.erl"},{line,333}]},{proc_lib,init_p_do_apply,3,[{file,"proc_lib.erl"},{line,247}]}]}}}
     Offender:   [{pid,undefined},{id,'Elixir.StaticConnSup'},{mfargs,{'Elixir.GenAMQP.ConnSupervisor',start_link,['Elixir.StaticConnSup','Elixir.ConnHub',<<"amqp://guest:guest@localhost">>]}},{restart_type,permanent},{shutdown,infinity},{child_type,supervisor}]

2018-08-23 15:53:23 =CRASH REPORT====
  crasher:
    initial call: application_master:init/4
    pid: <0.1003.0>
    registered_name: []
    exception exit: {{{shutdown,{failed_to_start_child,'Elixir.StaticConnSup',{shutdown,{failed_to_start_child,'Elixir.GenAMQP.Conn',{{badmatch,{error,econnrefused}},[{'Elixir.GenAMQP.Conn',init,1,[{file,"lib/gen_amqp/conn.ex"},{line,78}]},{gen_server,init_it,2,[{file,"gen_server.erl"},{line,365}]},{gen_server,init_it,6,[{file,"gen_server.erl"},{line,333}]},{proc_lib,init_p_do_apply,3,[{file,"proc_lib.erl"},{line,247}]}]}}}}},{'Elixir.DemoApp',start,[normal,[]]}},[{application_master,init,4,[{file,"application_master.erl"},{line,134}]},{proc_lib,init_p_do_apply,3,[{file,"proc_lib.erl"},{line,247}]}]}
    ancestors: [<0.1002.0>]
    message_queue_len: 1
    messages: [{'EXIT',<0.1004.0>,normal}]
    links: [<0.1002.0>,<0.33.0>]
    dictionary: []
    trap_exit: true
    status: running
    heap_size: 610
    stack_size: 27
    reductions: 193
  neighbours:
2018-08-23 15:54:58 =SUPERVISOR REPORT====
     Supervisor: {local,'Elixir.Logger.Supervisor'}
     Context:    child_terminated
     Reason:     normal
     Offender:   [{pid,<0.176.0>},{id,'Elixir.Logger.ErrorHandler'},{mfargs,{'Elixir.Logger.Watcher',start_link,[{error_logger,'Elixir.Logger.ErrorHandler',{true,false,500}}]}},{restart_type,permanent},{shutdown,5000},{child_type,worker}]

